<?xml version="1.0" encoding="UTF-8"?>
<!-- Generated by org.testng.reporters.JUnitReportReporter -->
<testsuite hostname="Sarfaraj_Doni" name="test.UrlCheck" tests="1" failures="1" timestamp="5 Feb 2016 14:02:08 GMT" time="49.514" errors="0">
  <testcase name="TestUrl" time="49.514" classname="test.UrlCheck">
    <failure type="org.openqa.selenium.WebDriverException" message="Failed to connect to binary FirefoxBinary(C:\Program Files (x86)\Mozilla Firefox\firefox.exe) on port 7058; process output follows: 
bootstrap scope from C:\Program Files (x86)\Mozilla Firefox\browser\extensions\{82AF8DCA-6DE9-405D-BD5E-43525BDAD38A}.xpi
1454680890872	addons.xpi	DEBUG	Calling bootstrap method install on {82AF8DCA-6DE9-405D-BD5E-43525BDAD38A} version 7.5.0.9082
1454680890872	addons.xpi	DEBUG	New add-on {972ce4c6-7e08-4474-a285-3208198ce6fd} installed in app-global
1454680890879	addons.xpi-utils	DEBUG	Make addon app-global:{972ce4c6-7e08-4474-a285-3208198ce6fd} visible
1454680890879	DeferredSave.extensions.json	DEBUG	Save changes
1454680890879	DeferredSave.extensions.json	DEBUG	Save changes
1454680890880	addons.xpi	DEBUG	Updating XPIState for {&quot;id&quot;:&quot;{972ce4c6-7e08-4474-a285-3208198ce6fd}&quot;,&quot;syncGUID&quot;:&quot;PvLiDUoni9Uz&quot;,&quot;location&quot;:&quot;app-global&quot;,&quot;version&quot;:&quot;42.0&quot;,&quot;type&quot;:&quot;theme&quot;,&quot;internalName&quot;:&quot;classic/1.0&quot;,&quot;updateURL&quot;:null,&quot;updateKey&quot;:null,&quot;optionsURL&quot;:null,&quot;optionsType&quot;:null,&quot;aboutURL&quot;:null,&quot;iconURL&quot;:null,&quot;icon64URL&quot;:null,&quot;defaultLocale&quot;:{&quot;name&quot;:&quot;Default&quot;,&quot;description&quot;:&quot;The default theme.&quot;,&quot;creator&quot;:&quot;Mozilla&quot;,&quot;homepageURL&quot;:null,&quot;contributors&quot;:[&quot;Mozilla Contributors&quot;]},&quot;visible&quot;:true,&quot;active&quot;:true,&quot;userDisabled&quot;:false,&quot;appDisabled&quot;:false,&quot;descriptor&quot;:&quot;C:\\Program Files (x86)\\Mozilla Firefox\\browser\\extensions\\{972ce4c6-7e08-4474-a285-3208198ce6fd}&quot;,&quot;installDate&quot;:1448593327805,&quot;updateDate&quot;:1448593327805,&quot;applyBackgroundUpdates&quot;:1,&quot;skinnable&quot;:true,&quot;size&quot;:24301,&quot;sourceURI&quot;:null,&quot;releaseNotesURI&quot;:null,&quot;softDisabled&quot;:false,&quot;foreignInstall&quot;:false,&quot;hasBinaryComponents&quot;:false,&quot;strictCompatibility&quot;:true,&quot;locales&quot;:[],&quot;targetApplications&quot;:[{&quot;id&quot;:&quot;{ec8030f7-c20a-464f-9b0e-13a3a9e97384}&quot;,&quot;minVersion&quot;:&quot;42.0&quot;,&quot;maxVersion&quot;:&quot;42.0&quot;}],&quot;targetPlatforms&quot;:[]}
1454680890880	addons.xpi	DEBUG	getModTime: Recursive scan of {972ce4c6-7e08-4474-a285-3208198ce6fd}
1454680890882	addons.xpi	DEBUG	Updating database with changes to installed add-ons
1454680890882	addons.xpi-utils	DEBUG	Updating add-on states
1454680890887	addons.xpi-utils	DEBUG	Writing add-ons list
1454680890891	addons.xpi	DEBUG	Registering manifest for C:\Program Files (x86)\Mozilla Firefox\browser\extensions\{82AF8DCA-6DE9-405D-BD5E-43525BDAD38A}.xpi
1454680890892	addons.xpi	DEBUG	Calling bootstrap method startup on {82AF8DCA-6DE9-405D-BD5E-43525BDAD38A} version 7.5.0.9082
1454680890974	addons.manager	DEBUG	Registering shutdown blocker for XPIProvider
1454680890975	addons.manager	DEBUG	Provider finished startup: XPIProvider
1454680890975	addons.manager	DEBUG	Starting provider: LightweightThemeManager
1454680890975	addons.manager	DEBUG	Registering shutdown blocker for LightweightThemeManager
1454680890975	addons.manager	DEBUG	Provider finished startup: LightweightThemeManager
1454680890976	addons.manager	DEBUG	Starting provider: GMPProvider
1454680890984	addons.manager	DEBUG	Registering shutdown blocker for GMPProvider
1454680890985	addons.manager	DEBUG	Provider finished startup: GMPProvider
1454680890985	addons.manager	DEBUG	Starting provider: PluginProvider
1454680890985	addons.manager	DEBUG	Registering shutdown blocker for PluginProvider
1454680890985	addons.manager	DEBUG	Provider finished startup: PluginProvider
1454680890986	addons.manager	DEBUG	Completed startup sequence
1454680900094	addons.manager	DEBUG	Starting provider: &lt;unnamed-provider&gt;
1454680900094	addons.manager	DEBUG	Registering shutdown blocker for &lt;unnamed-provider&gt;
1454680900094	addons.manager	DEBUG	Provider finished startup: &lt;unnamed-provider&gt;
1454680906656	DeferredSave.extensions.json	DEBUG	Starting write
1454680909683	addons.repository	DEBUG	No addons.json found.
1454680909684	DeferredSave.addons.json	DEBUG	Save changes
1454680909917	DeferredSave.addons.json	DEBUG	Starting timer
1454680909947	addons.manager	DEBUG	Starting provider: PreviousExperimentProvider
1454680909947	addons.manager	DEBUG	Registering shutdown blocker for PreviousExperimentProvider
1454680909947	addons.manager	DEBUG	Provider finished startup: PreviousExperimentProvider
1454680909950	DeferredSave.extensions.json	DEBUG	Write succeeded
1454680909950	addons.xpi-utils	DEBUG	XPI Database saved, setting schema version preference to 17

Build info: version: &#039;2.45.0&#039;, revision: &#039;32a636c&#039;, time: &#039;2015-03-05 22:01:35&#039;
System info: host: &#039;Sarfaraj_Doni&#039;, ip: &#039;192.168.60.186&#039;, os.name: &#039;Windows 7&#039;, os.arch: &#039;amd64&#039;, os.version: &#039;6.1&#039;, java.version: &#039;1.7.0_71&#039;
Driver info: driver.version: FirefoxDriver">
      <![CDATA[org.openqa.selenium.WebDriverException: Failed to connect to binary FirefoxBinary(C:\Program Files (x86)\Mozilla Firefox\firefox.exe) on port 7058; process output follows: 
bootstrap scope from C:\Program Files (x86)\Mozilla Firefox\browser\extensions\{82AF8DCA-6DE9-405D-BD5E-43525BDAD38A}.xpi
1454680890872	addons.xpi	DEBUG	Calling bootstrap method install on {82AF8DCA-6DE9-405D-BD5E-43525BDAD38A} version 7.5.0.9082
1454680890872	addons.xpi	DEBUG	New add-on {972ce4c6-7e08-4474-a285-3208198ce6fd} installed in app-global
1454680890879	addons.xpi-utils	DEBUG	Make addon app-global:{972ce4c6-7e08-4474-a285-3208198ce6fd} visible
1454680890879	DeferredSave.extensions.json	DEBUG	Save changes
1454680890879	DeferredSave.extensions.json	DEBUG	Save changes
1454680890880	addons.xpi	DEBUG	Updating XPIState for {"id":"{972ce4c6-7e08-4474-a285-3208198ce6fd}","syncGUID":"PvLiDUoni9Uz","location":"app-global","version":"42.0","type":"theme","internalName":"classic/1.0","updateURL":null,"updateKey":null,"optionsURL":null,"optionsType":null,"aboutURL":null,"iconURL":null,"icon64URL":null,"defaultLocale":{"name":"Default","description":"The default theme.","creator":"Mozilla","homepageURL":null,"contributors":["Mozilla Contributors"]},"visible":true,"active":true,"userDisabled":false,"appDisabled":false,"descriptor":"C:\\Program Files (x86)\\Mozilla Firefox\\browser\\extensions\\{972ce4c6-7e08-4474-a285-3208198ce6fd}","installDate":1448593327805,"updateDate":1448593327805,"applyBackgroundUpdates":1,"skinnable":true,"size":24301,"sourceURI":null,"releaseNotesURI":null,"softDisabled":false,"foreignInstall":false,"hasBinaryComponents":false,"strictCompatibility":true,"locales":[],"targetApplications":[{"id":"{ec8030f7-c20a-464f-9b0e-13a3a9e97384}","minVersion":"42.0","maxVersion":"42.0"}],"targetPlatforms":[]}
1454680890880	addons.xpi	DEBUG	getModTime: Recursive scan of {972ce4c6-7e08-4474-a285-3208198ce6fd}
1454680890882	addons.xpi	DEBUG	Updating database with changes to installed add-ons
1454680890882	addons.xpi-utils	DEBUG	Updating add-on states
1454680890887	addons.xpi-utils	DEBUG	Writing add-ons list
1454680890891	addons.xpi	DEBUG	Registering manifest for C:\Program Files (x86)\Mozilla Firefox\browser\extensions\{82AF8DCA-6DE9-405D-BD5E-43525BDAD38A}.xpi
1454680890892	addons.xpi	DEBUG	Calling bootstrap method startup on {82AF8DCA-6DE9-405D-BD5E-43525BDAD38A} version 7.5.0.9082
1454680890974	addons.manager	DEBUG	Registering shutdown blocker for XPIProvider
1454680890975	addons.manager	DEBUG	Provider finished startup: XPIProvider
1454680890975	addons.manager	DEBUG	Starting provider: LightweightThemeManager
1454680890975	addons.manager	DEBUG	Registering shutdown blocker for LightweightThemeManager
1454680890975	addons.manager	DEBUG	Provider finished startup: LightweightThemeManager
1454680890976	addons.manager	DEBUG	Starting provider: GMPProvider
1454680890984	addons.manager	DEBUG	Registering shutdown blocker for GMPProvider
1454680890985	addons.manager	DEBUG	Provider finished startup: GMPProvider
1454680890985	addons.manager	DEBUG	Starting provider: PluginProvider
1454680890985	addons.manager	DEBUG	Registering shutdown blocker for PluginProvider
1454680890985	addons.manager	DEBUG	Provider finished startup: PluginProvider
1454680890986	addons.manager	DEBUG	Completed startup sequence
1454680900094	addons.manager	DEBUG	Starting provider: <unnamed-provider>
1454680900094	addons.manager	DEBUG	Registering shutdown blocker for <unnamed-provider>
1454680900094	addons.manager	DEBUG	Provider finished startup: <unnamed-provider>
1454680906656	DeferredSave.extensions.json	DEBUG	Starting write
1454680909683	addons.repository	DEBUG	No addons.json found.
1454680909684	DeferredSave.addons.json	DEBUG	Save changes
1454680909917	DeferredSave.addons.json	DEBUG	Starting timer
1454680909947	addons.manager	DEBUG	Starting provider: PreviousExperimentProvider
1454680909947	addons.manager	DEBUG	Registering shutdown blocker for PreviousExperimentProvider
1454680909947	addons.manager	DEBUG	Provider finished startup: PreviousExperimentProvider
1454680909950	DeferredSave.extensions.json	DEBUG	Write succeeded
1454680909950	addons.xpi-utils	DEBUG	XPI Database saved, setting schema version preference to 17

Build info: version: '2.45.0', revision: '32a636c', time: '2015-03-05 22:01:35'
System info: host: 'Sarfaraj_Doni', ip: '192.168.60.186', os.name: 'Windows 7', os.arch: 'amd64', os.version: '6.1', java.version: '1.7.0_71'
Driver info: driver.version: FirefoxDriver
	at org.openqa.selenium.firefox.internal.NewProfileExtensionConnection.start(NewProfileExtensionConnection.java:134)
	at org.openqa.selenium.firefox.FirefoxDriver.startClient(FirefoxDriver.java:246)
	at org.openqa.selenium.remote.RemoteWebDriver.<init>(RemoteWebDriver.java:114)
	at org.openqa.selenium.firefox.FirefoxDriver.<init>(FirefoxDriver.java:193)
	at org.openqa.selenium.firefox.FirefoxDriver.<init>(FirefoxDriver.java:186)
	at org.openqa.selenium.firefox.FirefoxDriver.<init>(FirefoxDriver.java:182)
	at org.openqa.selenium.firefox.FirefoxDriver.<init>(FirefoxDriver.java:95)
	at test.UrlCheck.TestUrl(UrlCheck.java:23)
	at sun.reflect.NativeMethodAccessorImpl.invoke0(Native Method)
	at sun.reflect.NativeMethodAccessorImpl.invoke(NativeMethodAccessorImpl.java:57)
	at sun.reflect.DelegatingMethodAccessorImpl.invoke(DelegatingMethodAccessorImpl.java:43)
	at java.lang.reflect.Method.invoke(Method.java:606)
	at org.testng.internal.MethodInvocationHelper.invokeMethod(MethodInvocationHelper.java:84)
	at org.testng.internal.Invoker.invokeMethod(Invoker.java:714)
	at org.testng.internal.Invoker.invokeTestMethod(Invoker.java:901)
	at org.testng.internal.Invoker.invokeTestMethods(Invoker.java:1231)
	at org.testng.internal.TestMethodWorker.invokeTestMethods(TestMethodWorker.java:127)
	at org.testng.internal.TestMethodWorker.run(TestMethodWorker.java:111)
	at java.util.concurrent.ThreadPoolExecutor.runWorker(ThreadPoolExecutor.java:1145)
	at java.util.concurrent.ThreadPoolExecutor$Worker.run(ThreadPoolExecutor.java:615)
	at java.lang.Thread.run(Thread.java:745)
Caused by: org.openqa.selenium.WebDriverException: java.lang.InterruptedException: Process timed out after waiting for 45000 ms.
Build info: version: '2.45.0', revision: '32a636c', time: '2015-03-05 22:01:35'
System info: host: 'Sarfaraj_Doni', ip: '192.168.60.186', os.name: 'Windows 7', os.arch: 'amd64', os.version: '6.1', java.version: '1.7.0_71'
Driver info: driver.version: FirefoxDriver
	at org.openqa.selenium.os.CommandLine.waitFor(CommandLine.java:131)
	at org.openqa.selenium.firefox.FirefoxBinary.waitFor(FirefoxBinary.java:222)
	at org.openqa.selenium.firefox.FirefoxBinary.clean(FirefoxBinary.java:242)
	at org.openqa.selenium.firefox.internal.NewProfileExtensionConnection.start(NewProfileExtensionConnection.java:91)
	... 20 more
Caused by: java.lang.InterruptedException: Process timed out after waiting for 45000 ms.
	at org.openqa.selenium.os.UnixProcess.waitFor(UnixProcess.java:148)
	at org.openqa.selenium.os.CommandLine.waitFor(CommandLine.java:129)
	... 23 more
]]>
    </failure>
  </testcase> <!-- TestUrl -->
</testsuite> <!-- test.UrlCheck -->
