<?xml version="1.0" encoding="UTF-8"?>
<!-- Generated by org.testng.reporters.JUnitReportReporter -->
<testsuite hostname="Sarfaraj_Doni" name="test.Login" tests="1" failures="0" timestamp="18 Aug 2015 05:09:21 GMT" time="20.190" errors="0">
  <testcase name="LoginCheck" time="20.190" classname="test.Login"/>
</testsuite> <!-- test.Login -->
