<?xml version="1.0" encoding="UTF-8"?>
<!-- Generated by org.testng.reporters.JUnitReportReporter -->
<testsuite hostname="Sarfaraj_Doni" name="test.Day2" tests="4" failures="0" timestamp="17 Feb 2016 13:06:02 GMT" time="185.599" errors="0">
  <testcase name="HandleDropDown" time="52.687" classname="test.Day2"/>
  <testcase name="handleTables" time="16.217" classname="test.Day2"/>
  <testcase name="handleFrame" time="73.520" classname="test.Day2"/>
  <testcase name="HandleAlert_Window" time="43.175" classname="test.Day2"/>
</testsuite> <!-- test.Day2 -->
