<?xml version="1.0" encoding="UTF-8"?>
<!-- Generated by org.testng.reporters.JUnitReportReporter -->
<testsuite hostname="Sarfaraj_Doni" name="test.LoginTest" tests="1" failures="1" timestamp="16 Feb 2016 12:19:38 GMT" time="0.001" errors="0">
  <testcase name="Login" time="0.001" classname="test.LoginTest">
    <failure type="org.openqa.selenium.WebDriverException" message="Failed to connect to binary FirefoxBinary(C:\Program Files (x86)\Mozilla Firefox\firefox.exe) on port 7055; process output follows: 
.0.9082&quot;,&quot;type&quot;:&quot;extension&quot;,&quot;internalName&quot;:null,&quot;updateURL&quot;:null,&quot;updateKey&quot;:null,&quot;optionsURL&quot;:null,&quot;optionsType&quot;:&quot;2&quot;,&quot;aboutURL&quot;:null,&quot;icons&quot;:{&quot;32&quot;:&quot;icon.png&quot;,&quot;48&quot;:&quot;icon.png&quot;,&quot;64&quot;:&quot;icon64.png&quot;},&quot;iconURL&quot;:null,&quot;icon64URL&quot;:null,&quot;defaultLocale&quot;:{&quot;name&quot;:&quot;Skype Click to Call&quot;,&quot;description&quot;:&quot;Skype Click to Call&quot;,&quot;creator&quot;:&quot;Microsoft Corporation&quot;,&quot;homepageURL&quot;:&quot;https://support.skype.com/category/SKYPE_CALLS_FROM_BROWSERS/&quot;},&quot;visible&quot;:true,&quot;active&quot;:true,&quot;userDisabled&quot;:false,&quot;appDisabled&quot;:false,&quot;descriptor&quot;:&quot;C:\\Program Files (x86)\\Mozilla Firefox\\browser\\extensions\\{82AF8DCA-6DE9-405D-BD5E-43525BDAD38A}.xpi&quot;,&quot;installDate&quot;:1444303946000,&quot;updateDate&quot;:1444303946000,&quot;applyBackgroundUpdates&quot;:1,&quot;bootstrap&quot;:true,&quot;size&quot;:329671,&quot;sourceURI&quot;:null,&quot;releaseNotesURI&quot;:null,&quot;softDisabled&quot;:false,&quot;foreignInstall&quot;:true,&quot;hasBinaryComponents&quot;:false,&quot;strictCompatibility&quot;:false,&quot;locales&quot;:[],&quot;targetApplications&quot;:[{&quot;id&quot;:&quot;{ec8030f7-c20a-464f-9b0e-13a3a9e97384}&quot;,&quot;minVersion&quot;:&quot;21.0&quot;,&quot;maxVersion&quot;:&quot;25.0a1&quot;}],&quot;targetPlatforms&quot;:[],&quot;multiprocessCompatible&quot;:false,&quot;signedState&quot;:2}
1455625154779	addons.xpi	DEBUG	getModTime: Recursive scan of {82AF8DCA-6DE9-405D-BD5E-43525BDAD38A}
1455625154780	addons.xpi	DEBUG	Updating XPIState for {&quot;id&quot;:&quot;{972ce4c6-7e08-4474-a285-3208198ce6fd}&quot;,&quot;syncGUID&quot;:&quot;4sbQWwwsA0Pd&quot;,&quot;location&quot;:&quot;app-global&quot;,&quot;version&quot;:&quot;44.0&quot;,&quot;type&quot;:&quot;theme&quot;,&quot;internalName&quot;:&quot;classic/1.0&quot;,&quot;updateURL&quot;:null,&quot;updateKey&quot;:null,&quot;optionsURL&quot;:null,&quot;optionsType&quot;:null,&quot;aboutURL&quot;:null,&quot;icons&quot;:{&quot;32&quot;:&quot;icon.png&quot;,&quot;48&quot;:&quot;icon.png&quot;},&quot;iconURL&quot;:null,&quot;icon64URL&quot;:null,&quot;defaultLocale&quot;:{&quot;name&quot;:&quot;Default&quot;,&quot;description&quot;:&quot;The default theme.&quot;,&quot;creator&quot;:&quot;Mozilla&quot;,&quot;homepageURL&quot;:null,&quot;contributors&quot;:[&quot;Mozilla Contributors&quot;]},&quot;visible&quot;:true,&quot;active&quot;:true,&quot;userDisabled&quot;:false,&quot;appDisabled&quot;:false,&quot;descriptor&quot;:&quot;C:\\Program Files (x86)\\Mozilla Firefox\\browser\\extensions\\{972ce4c6-7e08-4474-a285-3208198ce6fd}&quot;,&quot;installDate&quot;:1455267141463,&quot;updateDate&quot;:1455267141463,&quot;applyBackgroundUpdates&quot;:1,&quot;skinnable&quot;:true,&quot;size&quot;:24166,&quot;sourceURI&quot;:null,&quot;releaseNotesURI&quot;:null,&quot;softDisabled&quot;:false,&quot;foreignInstall&quot;:false,&quot;hasBinaryComponents&quot;:false,&quot;strictCompatibility&quot;:true,&quot;locales&quot;:[],&quot;targetApplications&quot;:[{&quot;id&quot;:&quot;{ec8030f7-c20a-464f-9b0e-13a3a9e97384}&quot;,&quot;minVersion&quot;:&quot;44.0&quot;,&quot;maxVersion&quot;:&quot;44.0&quot;}],&quot;targetPlatforms&quot;:[]}
1455625154780	addons.xpi	DEBUG	getModTime: Recursive scan of {972ce4c6-7e08-4474-a285-3208198ce6fd}
1455625154782	DeferredSave.extensions.json	DEBUG	Save changes
1455625154782	addons.xpi	DEBUG	Updating database with changes to installed add-ons
1455625154782	addons.xpi-utils	DEBUG	Updating add-on states
1455625154786	addons.xpi-utils	DEBUG	Writing add-ons list
1455625154789	addons.xpi	DEBUG	Registering manifest for C:\Program Files (x86)\Mozilla Firefox\browser\extensions\{82AF8DCA-6DE9-405D-BD5E-43525BDAD38A}.xpi
1455625154822	addons.xpi	DEBUG	Calling bootstrap method startup on {82AF8DCA-6DE9-405D-BD5E-43525BDAD38A} version 7.5.0.9082
1455625155668	addons.manager	DEBUG	Registering shutdown blocker for XPIProvider
1455625155669	addons.manager	DEBUG	Provider finished startup: XPIProvider
1455625155669	addons.manager	DEBUG	Starting provider: LightweightThemeManager
1455625155669	addons.manager	DEBUG	Registering shutdown blocker for LightweightThemeManager
1455625155669	addons.manager	DEBUG	Provider finished startup: LightweightThemeManager
1455625155670	addons.manager	DEBUG	Starting provider: GMPProvider
1455625155679	addons.manager	DEBUG	Registering shutdown blocker for GMPProvider
1455625155679	addons.manager	DEBUG	Provider finished startup: GMPProvider
1455625155679	addons.manager	DEBUG	Starting provider: PluginProvider
1455625155686	addons.manager	DEBUG	Registering shutdown blocker for PluginProvider
1455625155686	addons.manager	DEBUG	Provider finished startup: PluginProvider
1455625155687	addons.manager	DEBUG	Completed startup sequence
1455625176032	addons.manager	DEBUG	Starting provider: &lt;unnamed-provider&gt;
1455625176032	addons.manager	DEBUG	Registering shutdown blocker for &lt;unnamed-provider&gt;
1455625176032	addons.manager	DEBUG	Provider finished startup: &lt;unnamed-provider&gt;

Build info: version: &#039;2.45.0&#039;, revision: &#039;32a636c&#039;, time: &#039;2015-03-05 22:01:35&#039;
System info: host: &#039;Sarfaraj_Doni&#039;, ip: &#039;192.168.60.186&#039;, os.name: &#039;Windows 7&#039;, os.arch: &#039;amd64&#039;, os.version: &#039;6.1&#039;, java.version: &#039;1.7.0_71&#039;
Driver info: driver.version: FirefoxDriver">
      <![CDATA[org.openqa.selenium.WebDriverException: Failed to connect to binary FirefoxBinary(C:\Program Files (x86)\Mozilla Firefox\firefox.exe) on port 7055; process output follows: 
.0.9082","type":"extension","internalName":null,"updateURL":null,"updateKey":null,"optionsURL":null,"optionsType":"2","aboutURL":null,"icons":{"32":"icon.png","48":"icon.png","64":"icon64.png"},"iconURL":null,"icon64URL":null,"defaultLocale":{"name":"Skype Click to Call","description":"Skype Click to Call","creator":"Microsoft Corporation","homepageURL":"https://support.skype.com/category/SKYPE_CALLS_FROM_BROWSERS/"},"visible":true,"active":true,"userDisabled":false,"appDisabled":false,"descriptor":"C:\\Program Files (x86)\\Mozilla Firefox\\browser\\extensions\\{82AF8DCA-6DE9-405D-BD5E-43525BDAD38A}.xpi","installDate":1444303946000,"updateDate":1444303946000,"applyBackgroundUpdates":1,"bootstrap":true,"size":329671,"sourceURI":null,"releaseNotesURI":null,"softDisabled":false,"foreignInstall":true,"hasBinaryComponents":false,"strictCompatibility":false,"locales":[],"targetApplications":[{"id":"{ec8030f7-c20a-464f-9b0e-13a3a9e97384}","minVersion":"21.0","maxVersion":"25.0a1"}],"targetPlatforms":[],"multiprocessCompatible":false,"signedState":2}
1455625154779	addons.xpi	DEBUG	getModTime: Recursive scan of {82AF8DCA-6DE9-405D-BD5E-43525BDAD38A}
1455625154780	addons.xpi	DEBUG	Updating XPIState for {"id":"{972ce4c6-7e08-4474-a285-3208198ce6fd}","syncGUID":"4sbQWwwsA0Pd","location":"app-global","version":"44.0","type":"theme","internalName":"classic/1.0","updateURL":null,"updateKey":null,"optionsURL":null,"optionsType":null,"aboutURL":null,"icons":{"32":"icon.png","48":"icon.png"},"iconURL":null,"icon64URL":null,"defaultLocale":{"name":"Default","description":"The default theme.","creator":"Mozilla","homepageURL":null,"contributors":["Mozilla Contributors"]},"visible":true,"active":true,"userDisabled":false,"appDisabled":false,"descriptor":"C:\\Program Files (x86)\\Mozilla Firefox\\browser\\extensions\\{972ce4c6-7e08-4474-a285-3208198ce6fd}","installDate":1455267141463,"updateDate":1455267141463,"applyBackgroundUpdates":1,"skinnable":true,"size":24166,"sourceURI":null,"releaseNotesURI":null,"softDisabled":false,"foreignInstall":false,"hasBinaryComponents":false,"strictCompatibility":true,"locales":[],"targetApplications":[{"id":"{ec8030f7-c20a-464f-9b0e-13a3a9e97384}","minVersion":"44.0","maxVersion":"44.0"}],"targetPlatforms":[]}
1455625154780	addons.xpi	DEBUG	getModTime: Recursive scan of {972ce4c6-7e08-4474-a285-3208198ce6fd}
1455625154782	DeferredSave.extensions.json	DEBUG	Save changes
1455625154782	addons.xpi	DEBUG	Updating database with changes to installed add-ons
1455625154782	addons.xpi-utils	DEBUG	Updating add-on states
1455625154786	addons.xpi-utils	DEBUG	Writing add-ons list
1455625154789	addons.xpi	DEBUG	Registering manifest for C:\Program Files (x86)\Mozilla Firefox\browser\extensions\{82AF8DCA-6DE9-405D-BD5E-43525BDAD38A}.xpi
1455625154822	addons.xpi	DEBUG	Calling bootstrap method startup on {82AF8DCA-6DE9-405D-BD5E-43525BDAD38A} version 7.5.0.9082
1455625155668	addons.manager	DEBUG	Registering shutdown blocker for XPIProvider
1455625155669	addons.manager	DEBUG	Provider finished startup: XPIProvider
1455625155669	addons.manager	DEBUG	Starting provider: LightweightThemeManager
1455625155669	addons.manager	DEBUG	Registering shutdown blocker for LightweightThemeManager
1455625155669	addons.manager	DEBUG	Provider finished startup: LightweightThemeManager
1455625155670	addons.manager	DEBUG	Starting provider: GMPProvider
1455625155679	addons.manager	DEBUG	Registering shutdown blocker for GMPProvider
1455625155679	addons.manager	DEBUG	Provider finished startup: GMPProvider
1455625155679	addons.manager	DEBUG	Starting provider: PluginProvider
1455625155686	addons.manager	DEBUG	Registering shutdown blocker for PluginProvider
1455625155686	addons.manager	DEBUG	Provider finished startup: PluginProvider
1455625155687	addons.manager	DEBUG	Completed startup sequence
1455625176032	addons.manager	DEBUG	Starting provider: <unnamed-provider>
1455625176032	addons.manager	DEBUG	Registering shutdown blocker for <unnamed-provider>
1455625176032	addons.manager	DEBUG	Provider finished startup: <unnamed-provider>

Build info: version: '2.45.0', revision: '32a636c', time: '2015-03-05 22:01:35'
System info: host: 'Sarfaraj_Doni', ip: '192.168.60.186', os.name: 'Windows 7', os.arch: 'amd64', os.version: '6.1', java.version: '1.7.0_71'
Driver info: driver.version: FirefoxDriver
	at org.openqa.selenium.firefox.internal.NewProfileExtensionConnection.start(NewProfileExtensionConnection.java:134)
	at org.openqa.selenium.firefox.FirefoxDriver.startClient(FirefoxDriver.java:246)
	at org.openqa.selenium.remote.RemoteWebDriver.<init>(RemoteWebDriver.java:114)
	at org.openqa.selenium.firefox.FirefoxDriver.<init>(FirefoxDriver.java:193)
	at org.openqa.selenium.firefox.FirefoxDriver.<init>(FirefoxDriver.java:186)
	at org.openqa.selenium.firefox.FirefoxDriver.<init>(FirefoxDriver.java:182)
	at org.openqa.selenium.firefox.FirefoxDriver.<init>(FirefoxDriver.java:95)
	at test.LoginTest.SetUp(LoginTest.java:31)
	at sun.reflect.NativeMethodAccessorImpl.invoke0(Native Method)
	at sun.reflect.NativeMethodAccessorImpl.invoke(NativeMethodAccessorImpl.java:57)
	at sun.reflect.DelegatingMethodAccessorImpl.invoke(DelegatingMethodAccessorImpl.java:43)
	at java.lang.reflect.Method.invoke(Method.java:606)
	at org.testng.internal.MethodInvocationHelper.invokeMethod(MethodInvocationHelper.java:84)
	at org.testng.internal.Invoker.invokeConfigurationMethod(Invoker.java:564)
	at org.testng.internal.Invoker.invokeConfigurations(Invoker.java:213)
	at org.testng.internal.Invoker.invokeConfigurations(Invoker.java:138)
	at org.testng.TestRunner.beforeRun(TestRunner.java:641)
	at org.testng.TestRunner.run(TestRunner.java:609)
	at org.testng.SuiteRunner.runTest(SuiteRunner.java:334)
	at org.testng.SuiteRunner.runSequentially(SuiteRunner.java:329)
	at org.testng.SuiteRunner.privateRun(SuiteRunner.java:291)
	at org.testng.SuiteRunner.run(SuiteRunner.java:240)
	at org.testng.SuiteRunnerWorker.runSuite(SuiteRunnerWorker.java:52)
	at org.testng.SuiteRunnerWorker.run(SuiteRunnerWorker.java:86)
	at org.testng.TestNG.runSuitesSequentially(TestNG.java:1224)
	at org.testng.TestNG.runSuitesLocally(TestNG.java:1149)
	at org.testng.TestNG.run(TestNG.java:1057)
	at org.testng.remote.RemoteTestNG.run(RemoteTestNG.java:111)
	at org.testng.remote.RemoteTestNG.initAndRun(RemoteTestNG.java:204)
	at org.testng.remote.RemoteTestNG.main(RemoteTestNG.java:175)
Caused by: org.openqa.selenium.WebDriverException: java.lang.InterruptedException: Process timed out after waiting for 45000 ms.
Build info: version: '2.45.0', revision: '32a636c', time: '2015-03-05 22:01:35'
System info: host: 'Sarfaraj_Doni', ip: '192.168.60.186', os.name: 'Windows 7', os.arch: 'amd64', os.version: '6.1', java.version: '1.7.0_71'
Driver info: driver.version: FirefoxDriver
	at org.openqa.selenium.os.CommandLine.waitFor(CommandLine.java:131)
	at org.openqa.selenium.firefox.FirefoxBinary.waitFor(FirefoxBinary.java:222)
	at org.openqa.selenium.firefox.FirefoxBinary.clean(FirefoxBinary.java:242)
	at org.openqa.selenium.firefox.internal.NewProfileExtensionConnection.start(NewProfileExtensionConnection.java:91)
	... 29 more
Caused by: java.lang.InterruptedException: Process timed out after waiting for 45000 ms.
	at org.openqa.selenium.os.UnixProcess.waitFor(UnixProcess.java:148)
	at org.openqa.selenium.os.CommandLine.waitFor(CommandLine.java:129)
	... 32 more
]]>
    </failure>
  </testcase> <!-- Login -->
</testsuite> <!-- test.LoginTest -->
