<?xml version="1.0" encoding="UTF-8"?>
<!-- Generated by org.testng.reporters.JUnitReportReporter -->
<testsuite hostname="Sarfaraj_Doni" name="test.Day4" tests="2" failures="0" timestamp="22 Feb 2016 12:01:54 GMT" time="197.150" errors="0">
  <testcase name="AutoIT" time="148.027" classname="test.Day4"/>
  <testcase name="testUpload" time="49.123" classname="test.Day4"/>
</testsuite> <!-- test.Day4 -->
