<?xml version="1.0" encoding="UTF-8"?>
<!-- Generated by org.testng.reporters.JUnitReportReporter -->
<testsuite hostname="Sarfaraj_Doni" name="test.Day5" tests="3" failures="0" timestamp="23 Feb 2016 09:02:57 GMT" time="3.622" errors="0">
  <testcase name="Login" time="0.599" classname="test.Day5"/>
  <testcase name="Login" time="1.116" classname="test.Day5"/>
  <testcase name="Login" time="1.907" classname="test.Day5"/>
</testsuite> <!-- test.Day5 -->
