<?xml version="1.0" encoding="UTF-8"?>
<!-- Generated by org.testng.reporters.JUnitReportReporter -->
<testsuite hostname="Sarfaraj_Doni" name="test.Day1" tests="1" failures="0" timestamp="16 Feb 2016 14:06:32 GMT" time="168.918" errors="0">
  <testcase name="run1" time="168.918" classname="test.Day1"/>
</testsuite> <!-- test.Day1 -->
